#! /usr/bin/vvp
:ivl_version "12.0 (stable)";
:ivl_delay_selection "TYPICAL";
:vpi_time_precision + 0;
:vpi_module "/usr/lib/x86_64-linux-gnu/ivl/system.vpi";
:vpi_module "/usr/lib/x86_64-linux-gnu/ivl/vhdl_sys.vpi";
:vpi_module "/usr/lib/x86_64-linux-gnu/ivl/vhdl_textio.vpi";
:vpi_module "/usr/lib/x86_64-linux-gnu/ivl/v2005_math.vpi";
:vpi_module "/usr/lib/x86_64-linux-gnu/ivl/va_math.vpi";
S_0x55b4c577d490 .scope module, "memory4c" "memory4c" 2 27;
 .timescale 0 0;
    .port_info 0 /OUTPUT 16 "data_out";
    .port_info 1 /OUTPUT 1 "data_valid";
    .port_info 2 /INPUT 16 "data_in";
    .port_info 3 /INPUT 16 "addr";
    .port_info 4 /INPUT 1 "enable";
    .port_info 5 /INPUT 1 "wr";
    .port_info 6 /INPUT 1 "clk";
    .port_info 7 /INPUT 1 "rst";
P_0x55b4c577d620 .param/l "AWIDTH" 0 2 29, +C4<00000000000000000000000000010000>;
P_0x55b4c577d660 .param/l "CycleDelays" 1 2 41, +C4<00000000000000000000000000000100>;
P_0x55b4c577d6a0 .param/l "DWIDTH" 0 2 28, +C4<00000000000000000000000000010000>;
P_0x55b4c577d6e0 .param/l "MemSize" 1 2 40, +C4<00000000000000001000000000000000>;
o0x7f52bc4053d8 .functor BUFZ 1, C4<z>; HiZ drive
L_0x55b4c57a6c30 .functor NOT 1, o0x7f52bc4053d8, C4<0>, C4<0>, C4<0>;
o0x7f52bc4052b8 .functor BUFZ 1, C4<z>; HiZ drive
L_0x55b4c57d3b80 .functor AND 1, o0x7f52bc4052b8, L_0x55b4c57a6c30, C4<1>, C4<1>;
L_0x55b4c57d3c50 .functor AND 1, o0x7f52bc4052b8, o0x7f52bc4053d8, C4<1>, C4<1>;
v0x55b4c57d3090_0 .array/port v0x55b4c57d3090, 0;
L_0x55b4c57d3d60 .functor BUFZ 16, v0x55b4c57d3090_0, C4<0000000000000000>, C4<0000000000000000>, C4<0000000000000000>;
v0x55b4c57d3290_0 .array/port v0x55b4c57d3290, 0;
L_0x55b4c57d3e00 .functor BUFZ 1, v0x55b4c57d3290_0, C4<0>, C4<0>, C4<0>;
v0x55b4c57a6d50_0 .net *"_ivl_0", 0 0, L_0x55b4c57a6c30;  1 drivers
o0x7f52bc405048 .functor BUFZ 16, C4<zzzzzzzzzzzzzzzz>; HiZ drive
v0x55b4c57d2d00_0 .net "addr", 15 0, o0x7f52bc405048;  0 drivers
o0x7f52bc405078 .functor BUFZ 1, C4<z>; HiZ drive
v0x55b4c57d2de0_0 .net "clk", 0 0, o0x7f52bc405078;  0 drivers
o0x7f52bc4050a8 .functor BUFZ 16, C4<zzzzzzzzzzzzzzzz>; HiZ drive
v0x55b4c57d2e80_0 .net "data_in", 15 0, o0x7f52bc4050a8;  0 drivers
v0x55b4c57d2f60_0 .net "data_out", 15 0, L_0x55b4c57d3d60;  1 drivers
v0x55b4c57d3090 .array "data_out_pl", 3 0, 15 0;
v0x55b4c57d31d0_0 .net "data_valid", 0 0, L_0x55b4c57d3e00;  1 drivers
v0x55b4c57d3290 .array "data_valid_pl", 3 0, 0 0;
v0x55b4c57d33e0_0 .net "enable", 0 0, o0x7f52bc4052b8;  0 drivers
v0x55b4c57d34a0_0 .var/i "i", 31 0;
v0x55b4c57d3580_0 .net "is_read", 0 0, L_0x55b4c57d3b80;  1 drivers
v0x55b4c57d3640_0 .net "is_write", 0 0, L_0x55b4c57d3c50;  1 drivers
v0x55b4c57d3700_0 .var "loaded", 0 0;
v0x55b4c57d37c0 .array "mem", 32767 0, 15 0;
o0x7f52bc4053a8 .functor BUFZ 1, C4<z>; HiZ drive
v0x55b4c57d3880_0 .net "rst", 0 0, o0x7f52bc4053a8;  0 drivers
v0x55b4c57d3940_0 .net "wr", 0 0, o0x7f52bc4053d8;  0 drivers
E_0x55b4c57b8b80 .event posedge, v0x55b4c57d2de0_0;
    .scope S_0x55b4c577d490;
T_0 ;
    %pushi/vec4 0, 0, 1;
    %store/vec4 v0x55b4c57d3700_0, 0, 1;
    %end;
    .thread T_0;
    .scope S_0x55b4c577d490;
T_1 ;
    %wait E_0x55b4c57b8b80;
    %load/vec4 v0x55b4c57d3880_0;
    %flag_set/vec4 8;
    %jmp/0xz  T_1.0, 8;
    %load/vec4 v0x55b4c57d3700_0;
    %nor/r;
    %flag_set/vec4 8;
    %jmp/0xz  T_1.2, 8;
    %vpi_call 2 59 "$readmemh", "loadfile_instr.img", v0x55b4c57d37c0 {0 0 0};
    %pushi/vec4 1, 0, 1;
    %assign/vec4 v0x55b4c57d3700_0, 0;
T_1.2 ;
    %jmp T_1.1;
T_1.0 ;
    %load/vec4 v0x55b4c57d3640_0;
    %flag_set/vec4 8;
    %jmp/0xz  T_1.4, 8;
    %load/vec4 v0x55b4c57d2e80_0;
    %load/vec4 v0x55b4c57d2d00_0;
    %parti/s 15, 1, 2;
    %pad/u 17;
    %ix/vec4 3;
    %ix/load 4, 0, 0; Constant delay
    %assign/vec4/a/d v0x55b4c57d37c0, 0, 4;
T_1.4 ;
T_1.1 ;
    %jmp T_1;
    .thread T_1;
    .scope S_0x55b4c577d490;
T_2 ;
    %wait E_0x55b4c57b8b80;
    %load/vec4 v0x55b4c57d3880_0;
    %flag_set/vec4 8;
    %jmp/0xz  T_2.0, 8;
    %pushi/vec4 0, 0, 32;
    %store/vec4 v0x55b4c57d34a0_0, 0, 32;
T_2.2 ;
    %load/vec4 v0x55b4c57d34a0_0;
    %cmpi/s 4, 0, 32;
    %jmp/0xz T_2.3, 5;
    %pushi/vec4 0, 0, 16;
    %ix/getv/s 3, v0x55b4c57d34a0_0;
    %ix/load 4, 0, 0; Constant delay
    %assign/vec4/a/d v0x55b4c57d3090, 0, 4;
    %pushi/vec4 0, 0, 1;
    %ix/getv/s 3, v0x55b4c57d34a0_0;
    %ix/load 4, 0, 0; Constant delay
    %assign/vec4/a/d v0x55b4c57d3290, 0, 4;
    %load/vec4 v0x55b4c57d34a0_0;
    %addi 1, 0, 32;
    %store/vec4 v0x55b4c57d34a0_0, 0, 32;
    %jmp T_2.2;
T_2.3 ;
    %jmp T_2.1;
T_2.0 ;
    %load/vec4 v0x55b4c57d3580_0;
    %flag_set/vec4 8;
    %jmp/0 T_2.4, 8;
    %load/vec4 v0x55b4c57d2d00_0;
    %parti/s 15, 1, 2;
    %pad/u 17;
    %ix/vec4 4;
    %load/vec4a v0x55b4c57d37c0, 4;
    %jmp/1 T_2.5, 8;
T_2.4 ; End of true expr.
    %pushi/vec4 0, 0, 16;
    %jmp/0 T_2.5, 8;
 ; End of false expr.
    %blend;
T_2.5;
    %ix/load 3, 3, 0;
    %flag_set/imm 4, 0;
    %ix/load 4, 0, 0; Constant delay
    %assign/vec4/a/d v0x55b4c57d3090, 0, 4;
    %load/vec4 v0x55b4c57d3580_0;
    %ix/load 3, 3, 0;
    %flag_set/imm 4, 0;
    %ix/load 4, 0, 0; Constant delay
    %assign/vec4/a/d v0x55b4c57d3290, 0, 4;
    %pushi/vec4 0, 0, 32;
    %store/vec4 v0x55b4c57d34a0_0, 0, 32;
T_2.6 ;
    %load/vec4 v0x55b4c57d34a0_0;
    %cmpi/s 3, 0, 32;
    %jmp/0xz T_2.7, 5;
    %load/vec4 v0x55b4c57d34a0_0;
    %addi 1, 0, 32;
    %ix/vec4/s 4;
    %load/vec4a v0x55b4c57d3090, 4;
    %ix/getv/s 3, v0x55b4c57d34a0_0;
    %ix/load 4, 0, 0; Constant delay
    %assign/vec4/a/d v0x55b4c57d3090, 0, 4;
    %load/vec4 v0x55b4c57d34a0_0;
    %addi 1, 0, 32;
    %ix/vec4/s 4;
    %load/vec4a v0x55b4c57d3290, 4;
    %ix/getv/s 3, v0x55b4c57d34a0_0;
    %ix/load 4, 0, 0; Constant delay
    %assign/vec4/a/d v0x55b4c57d3290, 0, 4;
    %load/vec4 v0x55b4c57d34a0_0;
    %addi 1, 0, 32;
    %store/vec4 v0x55b4c57d34a0_0, 0, 32;
    %jmp T_2.6;
T_2.7 ;
T_2.1 ;
    %jmp T_2;
    .thread T_2;
# The file index is used to find the file name in the following table.
:file_names 3;
    "N/A";
    "<interactive>";
    "/home/tirumal/ece552/ece552_project/phase3/ip/memory4c.v";
