#! /usr/bin/vvp
:ivl_version "10.3 (stable)";
:ivl_delay_selection "TYPICAL";
:vpi_time_precision + 0;
:vpi_module "system";
:vpi_module "vhdl_sys";
:vpi_module "v2005_math";
:vpi_module "va_math";
S_0x5610d39c9070 .scope module, "hazard_detection_unit" "hazard_detection_unit" 2 2;
 .timescale 0 0;
    .port_info 0 /INPUT 1 "id_ex_mem_read"
    .port_info 1 /INPUT 1 "id_ex_reg_write"
    .port_info 2 /INPUT 1 "ex_mem_reg_write"
    .port_info 3 /INPUT 1 "if_id_mem_write"
    .port_info 4 /INPUT 1 "if_id_rs"
    .port_info 5 /INPUT 1 "if_id_rt"
    .port_info 6 /INPUT 1 "id_ex_rd"
    .port_info 7 /INPUT 1 "ex_mem_rd"
    .port_info 8 /OUTPUT 1 "pc_wen"
    .port_info 9 /OUTPUT 1 "if_id_wen"
    .port_info 10 /INPUT 1 "branch"
    .port_info 11 /INPUT 1 "branchr"
    .port_info 12 /INPUT 4 "opcode"
    .port_info 13 /INPUT 4 "condition"
    .port_info 14 /INPUT 3 "id_ex_flag_en"
    .port_info 15 /INPUT 3 "ex_mem_flag_en"
    .port_info 16 /INPUT 3 "condtion"
    .port_info 17 /OUTPUT 1 "if_id_flush"
    .port_info 18 /OUTPUT 1 "control_hazard"
o0x7fe742d699d8 .functor BUFZ 1, C4<z>; HiZ drive
o0x7fe742d69a38 .functor BUFZ 1, C4<z>; HiZ drive
L_0x5610d3a2cd20 .functor OR 1, o0x7fe742d699d8, o0x7fe742d69a38, C4<0>, C4<0>;
L_0x5610d3a3d280 .functor AND 1, L_0x5610d3a3ce20, L_0x5610d3a3d0e0, C4<1>, C4<1>;
o0x7fe742d69ca8 .functor BUFZ 1, C4<z>; HiZ drive
o0x7fe742d69be8 .functor BUFZ 1, C4<z>; HiZ drive
L_0x5610d3a3d390 .functor XNOR 1, o0x7fe742d69ca8, o0x7fe742d69be8, C4<0>, C4<0>;
o0x7fe742d69cd8 .functor BUFZ 1, C4<z>; HiZ drive
L_0x5610d3a3d450 .functor XNOR 1, o0x7fe742d69cd8, o0x7fe742d69be8, C4<0>, C4<0>;
L_0x5610d3a3d5f0 .functor AND 1, L_0x5610d3a3d450, L_0x5610d3a3d4f0, C4<1>, C4<1>;
L_0x5610d3a3d730 .functor OR 1, L_0x5610d3a3d390, L_0x5610d3a3d5f0, C4<0>, C4<0>;
L_0x5610d3a3d880 .functor AND 1, L_0x5610d3a3d280, L_0x5610d3a3d730, C4<1>, C4<1>;
o0x7fe742d69c18 .functor BUFZ 1, C4<z>; HiZ drive
L_0x5610d3a3dea0 .functor AND 1, o0x7fe742d69c18, L_0x5610d3a3dd10, C4<1>, C4<1>;
L_0x5610d3a3df60 .functor XNOR 1, o0x7fe742d69ca8, o0x7fe742d69be8, C4<0>, C4<0>;
o0x7fe742d69b28 .functor BUFZ 1, C4<z>; HiZ drive
L_0x5610d3a3e110 .functor XNOR 1, o0x7fe742d69ca8, o0x7fe742d69b28, C4<0>, C4<0>;
L_0x5610d3a3e7e0 .functor NOT 1, L_0x5610d3a3d9e0, C4<0>, C4<0>, C4<0>;
L_0x5610d3a3e910 .functor NOT 1, v0x5610d3a2b430_0, C4<0>, C4<0>, C4<0>;
L_0x5610d3a3e9d0 .functor OR 1, L_0x5610d3a3e7e0, L_0x5610d3a3e910, C4<0>, C4<0>;
L_0x5610d3a3e8a0 .functor NOT 1, L_0x5610d3a3e5e0, C4<0>, C4<0>, C4<0>;
L_0x5610d3a3ebb0 .functor OR 1, L_0x5610d3a3e9d0, L_0x5610d3a3e8a0, C4<0>, C4<0>;
L_0x5610d3a3eee0 .functor NOT 1, L_0x5610d3a3d9e0, C4<0>, C4<0>, C4<0>;
L_0x5610d3a3ef50 .functor NOT 1, v0x5610d3a2b430_0, C4<0>, C4<0>, C4<0>;
L_0x5610d3a3f060 .functor OR 1, L_0x5610d3a3eee0, L_0x5610d3a3ef50, C4<0>, C4<0>;
L_0x5610d3a3f170 .functor NOT 1, L_0x5610d3a3e5e0, C4<0>, C4<0>, C4<0>;
L_0x5610d3a3f290 .functor OR 1, L_0x5610d3a3f060, L_0x5610d3a3f170, C4<0>, C4<0>;
L_0x5610d3a3e680 .functor NOT 1, L_0x5610d3a3f510, C4<0>, C4<0>, C4<0>;
L_0x5610d3a3f7b0 .functor OR 1, L_0x5610d3a2cd20, L_0x5610d3a3e680, C4<0>, C4<0>;
v0x5610d39c93c0_0 .net *"_s10", 3 0, L_0x5610d3a3cf90;  1 drivers
L_0x7fe742d20498 .functor BUFT 1, C4<0>, C4<0>, C4<0>, C4<0>;
v0x5610d3a28720_0 .net/2u *"_s100", 0 0, L_0x7fe742d20498;  1 drivers
L_0x7fe742d204e0 .functor BUFT 1, C4<1>, C4<0>, C4<0>, C4<0>;
v0x5610d3a28800_0 .net/2u *"_s104", 0 0, L_0x7fe742d204e0;  1 drivers
L_0x7fe742d20528 .functor BUFT 1, C4<0>, C4<0>, C4<0>, C4<0>;
v0x5610d3a288c0_0 .net/2u *"_s106", 0 0, L_0x7fe742d20528;  1 drivers
v0x5610d3a289a0_0 .net *"_s110", 0 0, L_0x5610d3a3e680;  1 drivers
L_0x7fe742d200a8 .functor BUFT 1, C4<000>, C4<0>, C4<0>, C4<0>;
v0x5610d3a28ad0_0 .net *"_s13", 2 0, L_0x7fe742d200a8;  1 drivers
L_0x7fe742d200f0 .functor BUFT 1, C4<0000>, C4<0>, C4<0>, C4<0>;
v0x5610d3a28bb0_0 .net/2u *"_s14", 3 0, L_0x7fe742d200f0;  1 drivers
v0x5610d3a28c90_0 .net *"_s16", 0 0, L_0x5610d3a3d0e0;  1 drivers
v0x5610d3a28d50_0 .net *"_s18", 0 0, L_0x5610d3a3d280;  1 drivers
v0x5610d3a28e30_0 .net *"_s2", 31 0, L_0x5610d3a00e00;  1 drivers
v0x5610d3a28f10_0 .net *"_s20", 0 0, L_0x5610d3a3d390;  1 drivers
v0x5610d3a28fd0_0 .net *"_s22", 0 0, L_0x5610d3a3d450;  1 drivers
v0x5610d3a29090_0 .net *"_s25", 0 0, L_0x5610d3a3d4f0;  1 drivers
v0x5610d3a29150_0 .net *"_s26", 0 0, L_0x5610d3a3d5f0;  1 drivers
v0x5610d3a29230_0 .net *"_s28", 0 0, L_0x5610d3a3d730;  1 drivers
v0x5610d3a29310_0 .net *"_s30", 0 0, L_0x5610d3a3d880;  1 drivers
L_0x7fe742d20138 .functor BUFT 1, C4<1>, C4<0>, C4<0>, C4<0>;
v0x5610d3a293f0_0 .net/2u *"_s32", 0 0, L_0x7fe742d20138;  1 drivers
L_0x7fe742d20180 .functor BUFT 1, C4<0>, C4<0>, C4<0>, C4<0>;
v0x5610d3a295e0_0 .net/2u *"_s34", 0 0, L_0x7fe742d20180;  1 drivers
v0x5610d3a296c0_0 .net *"_s40", 3 0, L_0x5610d3a3dc70;  1 drivers
L_0x7fe742d201c8 .functor BUFT 1, C4<000>, C4<0>, C4<0>, C4<0>;
v0x5610d3a297a0_0 .net *"_s43", 2 0, L_0x7fe742d201c8;  1 drivers
L_0x7fe742d20210 .functor BUFT 1, C4<0000>, C4<0>, C4<0>, C4<0>;
v0x5610d3a29880_0 .net/2u *"_s44", 3 0, L_0x7fe742d20210;  1 drivers
v0x5610d3a29960_0 .net *"_s46", 0 0, L_0x5610d3a3dd10;  1 drivers
v0x5610d3a29a20_0 .net *"_s48", 0 0, L_0x5610d3a3dea0;  1 drivers
L_0x7fe742d20018 .functor BUFT 1, C4<0000000000000000000000000000000>, C4<0>, C4<0>, C4<0>;
v0x5610d3a29b00_0 .net *"_s5", 30 0, L_0x7fe742d20018;  1 drivers
v0x5610d3a29be0_0 .net *"_s50", 0 0, L_0x5610d3a3df60;  1 drivers
L_0x7fe742d20258 .functor BUFT 1, C4<1>, C4<0>, C4<0>, C4<0>;
v0x5610d3a29ca0_0 .net/2u *"_s52", 0 0, L_0x7fe742d20258;  1 drivers
v0x5610d3a29d80_0 .net *"_s54", 0 0, L_0x5610d3a3e110;  1 drivers
L_0x7fe742d202a0 .functor BUFT 1, C4<1>, C4<0>, C4<0>, C4<0>;
v0x5610d3a29e40_0 .net/2u *"_s56", 0 0, L_0x7fe742d202a0;  1 drivers
L_0x7fe742d202e8 .functor BUFT 1, C4<0>, C4<0>, C4<0>, C4<0>;
v0x5610d3a29f20_0 .net/2u *"_s58", 0 0, L_0x7fe742d202e8;  1 drivers
L_0x7fe742d20060 .functor BUFT 1, C4<00000000000000000000000000000001>, C4<0>, C4<0>, C4<0>;
v0x5610d3a2a000_0 .net/2u *"_s6", 31 0, L_0x7fe742d20060;  1 drivers
v0x5610d3a2a0e0_0 .net *"_s60", 0 0, L_0x5610d3a3e1e0;  1 drivers
L_0x7fe742d20330 .functor BUFT 1, C4<0>, C4<0>, C4<0>, C4<0>;
v0x5610d3a2a1c0_0 .net/2u *"_s62", 0 0, L_0x7fe742d20330;  1 drivers
v0x5610d3a2a2a0_0 .net *"_s64", 0 0, L_0x5610d3a3e300;  1 drivers
v0x5610d3a2a590_0 .net *"_s66", 0 0, L_0x5610d3a3e450;  1 drivers
L_0x7fe742d20378 .functor BUFT 1, C4<0>, C4<0>, C4<0>, C4<0>;
v0x5610d3a2a670_0 .net/2u *"_s68", 0 0, L_0x7fe742d20378;  1 drivers
v0x5610d3a2a750_0 .net *"_s72", 0 0, L_0x5610d3a3e7e0;  1 drivers
v0x5610d3a2a830_0 .net *"_s74", 0 0, L_0x5610d3a3e910;  1 drivers
v0x5610d3a2a910_0 .net *"_s76", 0 0, L_0x5610d3a3e9d0;  1 drivers
v0x5610d3a2a9f0_0 .net *"_s78", 0 0, L_0x5610d3a3e8a0;  1 drivers
v0x5610d3a2aad0_0 .net *"_s8", 0 0, L_0x5610d3a3ce20;  1 drivers
v0x5610d3a2ab90_0 .net *"_s80", 0 0, L_0x5610d3a3ebb0;  1 drivers
L_0x7fe742d203c0 .functor BUFT 1, C4<1>, C4<0>, C4<0>, C4<0>;
v0x5610d3a2ac70_0 .net/2u *"_s82", 0 0, L_0x7fe742d203c0;  1 drivers
L_0x7fe742d20408 .functor BUFT 1, C4<0>, C4<0>, C4<0>, C4<0>;
v0x5610d3a2ad50_0 .net/2u *"_s84", 0 0, L_0x7fe742d20408;  1 drivers
v0x5610d3a2ae30_0 .net *"_s88", 0 0, L_0x5610d3a3eee0;  1 drivers
v0x5610d3a2af10_0 .net *"_s90", 0 0, L_0x5610d3a3ef50;  1 drivers
v0x5610d3a2aff0_0 .net *"_s92", 0 0, L_0x5610d3a3f060;  1 drivers
v0x5610d3a2b0d0_0 .net *"_s94", 0 0, L_0x5610d3a3f170;  1 drivers
v0x5610d3a2b1b0_0 .net *"_s96", 0 0, L_0x5610d3a3f290;  1 drivers
L_0x7fe742d20450 .functor BUFT 1, C4<1>, C4<0>, C4<0>, C4<0>;
v0x5610d3a2b290_0 .net/2u *"_s98", 0 0, L_0x7fe742d20450;  1 drivers
v0x5610d3a2b370_0 .net "br_flag_stall", 0 0, v0x5610d3a2b430_0;  1 drivers
v0x5610d3a2b430_0 .var "br_flag_stall_reg", 0 0;
v0x5610d3a2b4f0_0 .net "br_rs_stall", 0 0, L_0x5610d3a3e5e0;  1 drivers
v0x5610d3a2b5b0_0 .net "branch", 0 0, o0x7fe742d699d8;  0 drivers
v0x5610d3a2b670_0 .net "branch_condition", 0 0, L_0x5610d3a2cd20;  1 drivers
v0x5610d3a2b730_0 .net "branchr", 0 0, o0x7fe742d69a38;  0 drivers
o0x7fe742d69a68 .functor BUFZ 4, C4<zzzz>; HiZ drive
v0x5610d3a2b7f0_0 .net "condition", 3 0, o0x7fe742d69a68;  0 drivers
o0x7fe742d69a98 .functor BUFZ 3, C4<zzz>; HiZ drive
v0x5610d3a2b8d0_0 .net "condtion", 2 0, o0x7fe742d69a98;  0 drivers
v0x5610d3a2b9b0_0 .net "control_hazard", 0 0, L_0x5610d3a3f7b0;  1 drivers
o0x7fe742d69af8 .functor BUFZ 3, C4<zzz>; HiZ drive
v0x5610d3a2ba70_0 .net "ex_mem_flag_en", 2 0, o0x7fe742d69af8;  0 drivers
v0x5610d3a2bb50_0 .net "ex_mem_rd", 0 0, o0x7fe742d69b28;  0 drivers
o0x7fe742d69b58 .functor BUFZ 1, C4<z>; HiZ drive
v0x5610d3a2bc10_0 .net "ex_mem_reg_write", 0 0, o0x7fe742d69b58;  0 drivers
o0x7fe742d69b88 .functor BUFZ 3, C4<zzz>; HiZ drive
v0x5610d3a2bcd0_0 .net "id_ex_flag_en", 2 0, o0x7fe742d69b88;  0 drivers
o0x7fe742d69bb8 .functor BUFZ 1, C4<z>; HiZ drive
v0x5610d3a2bdb0_0 .net "id_ex_mem_read", 0 0, o0x7fe742d69bb8;  0 drivers
v0x5610d3a2be70_0 .net "id_ex_rd", 0 0, o0x7fe742d69be8;  0 drivers
v0x5610d3a2bf30_0 .net "id_ex_reg_write", 0 0, o0x7fe742d69c18;  0 drivers
v0x5610d3a2c400_0 .net "if_id_flush", 0 0, L_0x5610d3a3f510;  1 drivers
o0x7fe742d69c78 .functor BUFZ 1, C4<z>; HiZ drive
v0x5610d3a2c4c0_0 .net "if_id_mem_write", 0 0, o0x7fe742d69c78;  0 drivers
v0x5610d3a2c580_0 .net "if_id_rs", 0 0, o0x7fe742d69ca8;  0 drivers
v0x5610d3a2c640_0 .net "if_id_rt", 0 0, o0x7fe742d69cd8;  0 drivers
v0x5610d3a2c700_0 .net "if_id_wen", 0 0, L_0x5610d3a3efc0;  1 drivers
v0x5610d3a2c7c0_0 .net "l2u_stall", 0 0, L_0x5610d3a3d9e0;  1 drivers
o0x7fe742d69d68 .functor BUFZ 4, C4<zzzz>; HiZ drive
v0x5610d3a2c880_0 .net "opcode", 3 0, o0x7fe742d69d68;  0 drivers
v0x5610d3a2c960_0 .net "pc_wen", 0 0, L_0x5610d3a3ed50;  1 drivers
E_0x5610d39ff150 .event edge, v0x5610d3a2b7f0_0, v0x5610d3a2bcd0_0, v0x5610d3a2ba70_0;
L_0x5610d3a00e00 .concat [ 1 31 0 0], o0x7fe742d69bb8, L_0x7fe742d20018;
L_0x5610d3a3ce20 .cmp/eq 32, L_0x5610d3a00e00, L_0x7fe742d20060;
L_0x5610d3a3cf90 .concat [ 1 3 0 0], o0x7fe742d69be8, L_0x7fe742d200a8;
L_0x5610d3a3d0e0 .cmp/ne 4, L_0x5610d3a3cf90, L_0x7fe742d200f0;
L_0x5610d3a3d4f0 .reduce/nor o0x7fe742d69c78;
L_0x5610d3a3d9e0 .functor MUXZ 1, L_0x7fe742d20180, L_0x7fe742d20138, L_0x5610d3a3d880, C4<>;
L_0x5610d3a3dc70 .concat [ 1 3 0 0], o0x7fe742d69be8, L_0x7fe742d201c8;
L_0x5610d3a3dd10 .cmp/ne 4, L_0x5610d3a3dc70, L_0x7fe742d20210;
L_0x5610d3a3e1e0 .functor MUXZ 1, L_0x7fe742d202e8, L_0x7fe742d202a0, L_0x5610d3a3e110, C4<>;
L_0x5610d3a3e300 .functor MUXZ 1, L_0x7fe742d20330, L_0x5610d3a3e1e0, o0x7fe742d69b58, C4<>;
L_0x5610d3a3e450 .functor MUXZ 1, L_0x5610d3a3e300, L_0x7fe742d20258, L_0x5610d3a3df60, C4<>;
L_0x5610d3a3e5e0 .functor MUXZ 1, L_0x7fe742d20378, L_0x5610d3a3e450, L_0x5610d3a3dea0, C4<>;
L_0x5610d3a3ed50 .functor MUXZ 1, L_0x7fe742d20408, L_0x7fe742d203c0, L_0x5610d3a3ebb0, C4<>;
L_0x5610d3a3efc0 .functor MUXZ 1, L_0x7fe742d20498, L_0x7fe742d20450, L_0x5610d3a3f290, C4<>;
L_0x5610d3a3f510 .functor MUXZ 1, L_0x7fe742d20528, L_0x7fe742d204e0, L_0x5610d3a2cd20, C4<>;
    .scope S_0x5610d39c9070;
T_0 ;
    %wait E_0x5610d39ff150;
    %load/vec4 v0x5610d3a2b7f0_0;
    %dup/vec4;
    %pushi/vec4 0, 0, 4;
    %cmp/u;
    %jmp/1 T_0.0, 6;
    %dup/vec4;
    %pushi/vec4 1, 0, 4;
    %cmp/u;
    %jmp/1 T_0.1, 6;
    %dup/vec4;
    %pushi/vec4 2, 0, 4;
    %cmp/u;
    %jmp/1 T_0.2, 6;
    %dup/vec4;
    %pushi/vec4 3, 0, 4;
    %cmp/u;
    %jmp/1 T_0.3, 6;
    %dup/vec4;
    %pushi/vec4 4, 0, 4;
    %cmp/u;
    %jmp/1 T_0.4, 6;
    %dup/vec4;
    %pushi/vec4 5, 0, 4;
    %cmp/u;
    %jmp/1 T_0.5, 6;
    %dup/vec4;
    %pushi/vec4 6, 0, 4;
    %cmp/u;
    %jmp/1 T_0.6, 6;
    %dup/vec4;
    %pushi/vec4 7, 0, 4;
    %cmp/u;
    %jmp/1 T_0.7, 6;
    %pushi/vec4 0, 0, 1;
    %store/vec4 v0x5610d3a2b430_0, 0, 1;
    %jmp T_0.9;
T_0.0 ;
    %load/vec4 v0x5610d3a2bcd0_0;
    %parti/s 1, 0, 2;
    %inv;
    %load/vec4 v0x5610d3a2ba70_0;
    %parti/s 1, 0, 2;
    %inv;
    %or;
    %flag_set/vec4 8;
    %jmp/0 T_0.10, 8;
    %pushi/vec4 1, 0, 1;
    %jmp/1 T_0.11, 8;
T_0.10 ; End of true expr.
    %pushi/vec4 0, 0, 1;
    %jmp/0 T_0.11, 8;
 ; End of false expr.
    %blend;
T_0.11;
    %store/vec4 v0x5610d3a2b430_0, 0, 1;
    %jmp T_0.9;
T_0.1 ;
    %load/vec4 v0x5610d3a2bcd0_0;
    %parti/s 1, 0, 2;
    %load/vec4 v0x5610d3a2ba70_0;
    %parti/s 1, 0, 2;
    %or;
    %flag_set/vec4 8;
    %jmp/0 T_0.12, 8;
    %pushi/vec4 1, 0, 1;
    %jmp/1 T_0.13, 8;
T_0.12 ; End of true expr.
    %pushi/vec4 0, 0, 1;
    %jmp/0 T_0.13, 8;
 ; End of false expr.
    %blend;
T_0.13;
    %store/vec4 v0x5610d3a2b430_0, 0, 1;
    %jmp T_0.9;
T_0.2 ;
    %load/vec4 v0x5610d3a2bcd0_0;
    %parti/s 1, 0, 2;
    %inv;
    %load/vec4 v0x5610d3a2bcd0_0;
    %parti/s 1, 2, 3;
    %inv;
    %and;
    %load/vec4 v0x5610d3a2ba70_0;
    %parti/s 1, 0, 2;
    %inv;
    %load/vec4 v0x5610d3a2ba70_0;
    %parti/s 1, 2, 3;
    %inv;
    %and;
    %or;
    %flag_set/vec4 8;
    %jmp/0 T_0.14, 8;
    %pushi/vec4 1, 0, 1;
    %jmp/1 T_0.15, 8;
T_0.14 ; End of true expr.
    %pushi/vec4 0, 0, 1;
    %jmp/0 T_0.15, 8;
 ; End of false expr.
    %blend;
T_0.15;
    %store/vec4 v0x5610d3a2b430_0, 0, 1;
    %jmp T_0.9;
T_0.3 ;
    %load/vec4 v0x5610d3a2bcd0_0;
    %parti/s 1, 2, 3;
    %load/vec4 v0x5610d3a2ba70_0;
    %parti/s 1, 2, 3;
    %or;
    %flag_set/vec4 8;
    %jmp/0 T_0.16, 8;
    %pushi/vec4 1, 0, 1;
    %jmp/1 T_0.17, 8;
T_0.16 ; End of true expr.
    %pushi/vec4 0, 0, 1;
    %jmp/0 T_0.17, 8;
 ; End of false expr.
    %blend;
T_0.17;
    %store/vec4 v0x5610d3a2b430_0, 0, 1;
    %jmp T_0.9;
T_0.4 ;
    %load/vec4 v0x5610d3a2bcd0_0;
    %parti/s 1, 0, 2;
    %load/vec4 v0x5610d3a2bcd0_0;
    %parti/s 1, 0, 2;
    %inv;
    %load/vec4 v0x5610d3a2bcd0_0;
    %parti/s 1, 2, 3;
    %inv;
    %and;
    %or;
    %load/vec4 v0x5610d3a2ba70_0;
    %parti/s 1, 0, 2;
    %load/vec4 v0x5610d3a2ba70_0;
    %parti/s 1, 0, 2;
    %inv;
    %load/vec4 v0x5610d3a2ba70_0;
    %parti/s 1, 2, 3;
    %inv;
    %and;
    %or;
    %or;
    %flag_set/vec4 8;
    %jmp/0 T_0.18, 8;
    %pushi/vec4 1, 0, 1;
    %jmp/1 T_0.19, 8;
T_0.18 ; End of true expr.
    %pushi/vec4 0, 0, 1;
    %jmp/0 T_0.19, 8;
 ; End of false expr.
    %blend;
T_0.19;
    %store/vec4 v0x5610d3a2b430_0, 0, 1;
    %jmp T_0.9;
T_0.5 ;
    %load/vec4 v0x5610d3a2bcd0_0;
    %parti/s 1, 0, 2;
    %load/vec4 v0x5610d3a2bcd0_0;
    %parti/s 1, 2, 3;
    %or;
    %load/vec4 v0x5610d3a2ba70_0;
    %parti/s 1, 0, 2;
    %load/vec4 v0x5610d3a2ba70_0;
    %parti/s 1, 2, 3;
    %or;
    %or;
    %flag_set/vec4 8;
    %jmp/0 T_0.20, 8;
    %pushi/vec4 1, 0, 1;
    %jmp/1 T_0.21, 8;
T_0.20 ; End of true expr.
    %pushi/vec4 0, 0, 1;
    %jmp/0 T_0.21, 8;
 ; End of false expr.
    %blend;
T_0.21;
    %store/vec4 v0x5610d3a2b430_0, 0, 1;
    %jmp T_0.9;
T_0.6 ;
    %load/vec4 v0x5610d3a2bcd0_0;
    %parti/s 1, 1, 2;
    %load/vec4 v0x5610d3a2ba70_0;
    %parti/s 1, 1, 2;
    %or;
    %flag_set/vec4 8;
    %jmp/0 T_0.22, 8;
    %pushi/vec4 1, 0, 1;
    %jmp/1 T_0.23, 8;
T_0.22 ; End of true expr.
    %pushi/vec4 0, 0, 1;
    %jmp/0 T_0.23, 8;
 ; End of false expr.
    %blend;
T_0.23;
    %store/vec4 v0x5610d3a2b430_0, 0, 1;
    %jmp T_0.9;
T_0.7 ;
    %pushi/vec4 0, 0, 1;
    %store/vec4 v0x5610d3a2b430_0, 0, 1;
    %jmp T_0.9;
T_0.9 ;
    %pop/vec4 1;
    %jmp T_0;
    .thread T_0, $push;
# The file index is used to find the file name in the following table.
:file_names 3;
    "N/A";
    "<interactive>";
    "hazard_unit.v";
